<?xml version="1.0" encoding="UTF-8"?>
<!-- Generated by org.testng.reporters.JUnitReportReporter -->
<testsuite hostname="LAPTOP-1EDU4TP0" failures="0" tests="1" name="com.store.TestCases.ContactPage" time="9.957" errors="0" timestamp="2024-08-08T12:28:23 IST" skipped="0">
  <testcase classname="com.store.TestCases.ContactPage" name="testContactForm" time="9.957"/>
  <system-out/>
</testsuite> <!-- com.store.TestCases.ContactPage -->
