<?xml version="1.0" encoding="UTF-8"?>
<!-- Generated by org.testng.reporters.JUnitReportReporter -->
<testsuite hostname="DESKTOP-TIC5DM4" failures="0" tests="1" name="com.store.TestCases.SignUpPage" time="17.880" errors="0" timestamp="2024-08-06T14:32:28 IST" skipped="0">
  <testcase classname="com.store.TestCases.SignUpPage" name="testSignUpFunction" time="17.880"/>
  <system-out/>
</testsuite> <!-- com.store.TestCases.SignUpPage -->
