<?xml version="1.0" encoding="UTF-8"?>
<!-- Generated by org.testng.reporters.JUnitReportReporter -->
<testsuite hostname="DESKTOP-TIC5DM4" failures="0" tests="1" name="com.store.TestCases.DemoblazeHomeTest" time="11.249" errors="0" timestamp="2024-08-06T01:25:56 IST" skipped="0">
  <testcase classname="com.store.TestCases.DemoblazeHomeTest" name="testHomeFunction" time="11.249"/>
  <system-out/>
</testsuite> <!-- com.store.TestCases.DemoblazeHomeTest -->
