<?xml version="1.0" encoding="UTF-8"?>
<!-- Generated by org.testng.reporters.JUnitReportReporter -->
<testsuite hostname="LAPTOP-1EDU4TP0" failures="0" tests="1" name="com.store.TestCases.PlaceOrderPage" time="18.810" errors="0" timestamp="2024-08-08T12:28:23 IST" skipped="0">
  <testcase classname="com.store.TestCases.PlaceOrderPage" name="placeOrder" time="18.810"/>
  <system-out/>
</testsuite> <!-- com.store.TestCases.PlaceOrderPage -->
