<?xml version="1.0" encoding="UTF-8"?>
<!-- Generated by org.testng.reporters.JUnitReportReporter -->
<testsuite hostname="DESKTOP-TIC5DM4" failures="0" tests="1" name="com.store.TestCases.DemoblazePlaceOrderTest" time="27.623" errors="0" timestamp="2024-08-06T00:56:57 IST" skipped="0">
  <testcase classname="com.store.TestCases.DemoblazePlaceOrderTest" name="placeOrder" time="27.623"/>
  <system-out/>
</testsuite> <!-- com.store.TestCases.DemoblazePlaceOrderTest -->
