<?xml version="1.0" encoding="UTF-8"?>
<!-- Generated by org.testng.reporters.JUnitReportReporter -->
<testsuite hostname="DESKTOP-TIC5DM4" failures="0" tests="1" name="com.store.TestCases.DemoblazeSignUpTest" time="12.867" errors="0" timestamp="2024-08-06T01:40:10 IST" skipped="0">
  <testcase classname="com.store.TestCases.DemoblazeSignUpTest" name="testSignUpFunction" time="12.867"/>
  <system-out/>
</testsuite> <!-- com.store.TestCases.DemoblazeSignUpTest -->
