<?xml version="1.0" encoding="UTF-8"?>
<!-- Generated by org.testng.reporters.JUnitReportReporter -->
<testsuite hostname="LAPTOP-1EDU4TP0" failures="0" tests="2" name="com.store.TestCases.Login" time="15.617" errors="0" timestamp="2024-08-08T12:28:23 IST" skipped="0">
  <testcase classname="com.store.TestCases.Login" name="testLogin" time="8.722"/>
  <system-out/>
  <testcase classname="com.store.TestCases.Login" name="testInvalidUsernameandpassword" time="6.895"/>
  <system-out/>
</testsuite> <!-- com.store.TestCases.Login -->
