<?xml version="1.0" encoding="UTF-8"?>
<!-- Generated by org.testng.reporters.JUnitReportReporter -->
<testsuite hostname="DESKTOP-TIC5DM4" failures="0" tests="1" name="com.store.TestCases.DemoblazeContactTest" time="14.050" errors="0" timestamp="2024-08-06T01:17:19 IST" skipped="0">
  <testcase classname="com.store.TestCases.DemoblazeContactTest" name="testContactForm" time="14.050"/>
  <system-out/>
</testsuite> <!-- com.store.TestCases.DemoblazeContactTest -->
